#! /c/iverilog/bin/vvp
:ivl_version "0.9.7 " "(v0_9_7)";
:vpi_time_precision - 12;
:vpi_module "system";
:vpi_module "v2005_math";
:vpi_module "va_math";
S_01113DF8 .scope module, "DMEM_TB" "DMEM_TB" 2 4;
 .timescale -9 -12;
P_01119D6C .param/l "PERIOD" 2 7, +C4<0110010>;
v0117EBE0_0 .var "clk", 0 0;
v0117EAD8_0 .net "data_ready", 0 0, v0117D3D0_0; 1 drivers
v0117EA80_0 .net "read_data", 127 0, v0117D270_0; 1 drivers
v0117E7C0_0 .var "read_enable", 0 0;
v0117E818_0 .var "write_enable", 0 0;
E_01119DC8 .event posedge, v0117D3D0_0;
S_011140A0 .scope module, "u_DMEM" "DMEM" 2 26, 3 3, S_01113DF8;
 .timescale -9 -12;
v0117C820_0 .net "clk", 0 0, v0117EBE0_0; 1 drivers
v0117D0B8_0 .net "data", 127 0, C4<11101111001010001101100000100111001110011111110110001100011100010100011100110010001111110111111010010001110000001100101111111010>; 1 drivers
v0117D3D0_0 .var "data_ready", 0 0;
v0117D060_0 .var "dec_busy", 0 0;
v0117D110_0 .var "enc_busy", 0 0;
v0117CFB0_0 .var/i "i", 31 0;
v0117D428 .array "inv_sbox_table", 255 0, 7 0;
v0117D2C8_0 .net "key", 127 0, C4<00101011011111100001010100010110001010001010111011010010101001101010101111110111000101011000100000001001110011110100111100111100>; 1 drivers
v0117D218_0 .var "keys", 1407 0;
v0117D270_0 .var "read_data", 127 0;
v0117D168_0 .net "read_enable", 0 0, v0117E7C0_0; 1 drivers
v0117D008_0 .var "round_counter", 3 0;
v0117D320 .array "round_keys", 10 0, 127 0;
v0117D1C0 .array "sbox_table", 255 0, 7 0;
v0117D378_0 .var "state", 127 0;
v0117E8C8_0 .net "write_enable", 0 0, v0117E818_0; 1 drivers
E_0111A0A8 .event posedge, v0117C820_0;
S_01115448 .scope function, "GenerateKeys" "GenerateKeys" 3 317, 3 317, S_011140A0;
 .timescale -9 -12;
v0117C9D8_0 .var "GenerateKeys", 1407 0;
v0117C668_0 .var/i "i", 31 0;
v0117C6C0_0 .var "key", 127 0;
v0117C718 .array "keys", 10 0, 127 0;
v0117C770_0 .var "temp", 31 0;
v0117C7C8 .array "w", 43 0, 31 0;
TD_DMEM_TB.u_DMEM.GenerateKeys ;
    %ix/load 1, 96, 0;
    %mov 4, 0, 1;
    %jmp/1 T_0.0, 4;
    %load/x1p 8, v0117C6C0_0, 32;
    %jmp T_0.1;
T_0.0 ;
    %mov 8, 2, 32;
T_0.1 ;
; Save base=8 wid=32 in lookaside.
   %ix/load 1, 0, 0;
   %ix/load 3, 0, 0;
   %set/av v0117C7C8, 8, 32;
    %ix/load 1, 64, 0;
    %mov 4, 0, 1;
    %jmp/1 T_0.2, 4;
    %load/x1p 8, v0117C6C0_0, 32;
    %jmp T_0.3;
T_0.2 ;
    %mov 8, 2, 32;
T_0.3 ;
; Save base=8 wid=32 in lookaside.
   %ix/load 1, 0, 0;
   %ix/load 3, 1, 0;
   %set/av v0117C7C8, 8, 32;
    %ix/load 1, 32, 0;
    %mov 4, 0, 1;
    %jmp/1 T_0.4, 4;
    %load/x1p 8, v0117C6C0_0, 32;
    %jmp T_0.5;
T_0.4 ;
    %mov 8, 2, 32;
T_0.5 ;
; Save base=8 wid=32 in lookaside.
   %ix/load 1, 0, 0;
   %ix/load 3, 2, 0;
   %set/av v0117C7C8, 8, 32;
    %load/v 8, v0117C6C0_0, 32; Only need 32 of 128 bits
; Save base=8 wid=32 in lookaside.
   %ix/load 1, 0, 0;
   %ix/load 3, 3, 0;
   %set/av v0117C7C8, 8, 32;
    %movi 8, 4, 32;
    %set/v v0117C668_0, 8, 32;
T_0.6 ;
    %load/v 8, v0117C668_0, 32;
   %cmpi/s 8, 44, 32;
    %jmp/0xz T_0.7, 5;
    %load/v 40, v0117C668_0, 32;
    %subi 40, 1, 32;
    %ix/get/s 3, 40, 32;
    %load/av 8, v0117C7C8, 32;
    %set/v v0117C770_0, 8, 32;
    %load/v 8, v0117C668_0, 32;
    %movi 40, 4, 32;
    %mod/s 8, 40, 32;
    %cmpi/u 8, 0, 32;
    %jmp/0xz  T_0.8, 4;
    %load/v 8, v0117C770_0, 32;
    %set/v v01146BF0_0, 8, 32;
    %fork TD_DMEM_TB.u_DMEM.Rotate, S_01115228;
    %join;
    %load/v  8, v01146B98_0, 32;
    %set/v v011422B8_0, 8, 32;
    %fork TD_DMEM_TB.u_DMEM.SubWord, S_01114BC8;
    %join;
    %load/v  8, v011468C8_0, 32;
    %load/v 40, v0117C668_0, 32;
    %movi 72, 4, 32;
    %div/s 40, 72, 32;
    %set/v v0114AED0_0, 40, 4;
    %fork TD_DMEM_TB.u_DMEM.Rconst, S_01114C50;
    %join;
    %load/v  40, v0114AE20_0, 32;
    %xor 8, 40, 32;
    %set/v v0117C770_0, 8, 32;
T_0.8 ;
    %load/v 40, v0117C668_0, 32;
    %subi 40, 4, 32;
    %ix/get/s 3, 40, 32;
    %load/av 8, v0117C7C8, 32;
    %load/v 40, v0117C770_0, 32;
    %xor 8, 40, 32;
    %ix/getv/s 3, v0117C668_0;
   %jmp/1 t_0, 4;
   %ix/load 1, 0, 0;
   %set/av v0117C7C8, 8, 32;
t_0 ;
    %ix/load 0, 1, 0;
    %load/vp0/s 8, v0117C668_0, 32;
    %set/v v0117C668_0, 8, 32;
    %jmp T_0.6;
T_0.7 ;
    %set/v v0117C668_0, 0, 32;
T_0.10 ;
    %load/v 8, v0117C668_0, 32;
   %cmpi/s 8, 11, 32;
    %jmp/0xz T_0.11, 5;
    %load/v 136, v0117C668_0, 32;
    %mov 168, 167, 1;
    %mov 169, 167, 1;
    %mov 170, 167, 1;
    %mov 171, 167, 1;
    %muli 136, 4, 36;
    %addi 136, 3, 36;
    %ix/get/s 3, 136, 36;
    %load/av 8, v0117C7C8, 32;
    %load/v 136, v0117C668_0, 32;
    %mov 168, 167, 1;
    %mov 169, 167, 1;
    %mov 170, 167, 1;
    %mov 171, 167, 1;
    %muli 136, 4, 36;
    %addi 136, 2, 36;
    %ix/get/s 3, 136, 36;
    %load/av 40, v0117C7C8, 32;
    %load/v 136, v0117C668_0, 32;
    %mov 168, 167, 1;
    %mov 169, 167, 1;
    %mov 170, 167, 1;
    %mov 171, 167, 1;
    %muli 136, 4, 36;
    %addi 136, 1, 36;
    %ix/get/s 3, 136, 36;
    %load/av 72, v0117C7C8, 32;
    %load/v 136, v0117C668_0, 32;
    %mov 168, 167, 1;
    %mov 169, 167, 1;
    %mov 170, 167, 1;
    %mov 171, 167, 1;
    %muli 136, 4, 36;
    %ix/get/s 3, 136, 36;
    %load/av 104, v0117C7C8, 32;
    %ix/getv/s 3, v0117C668_0;
   %jmp/1 t_1, 4;
   %ix/load 1, 0, 0;
   %set/av v0117C718, 8, 128;
t_1 ;
    %ix/load 0, 1, 0;
    %load/vp0/s 8, v0117C668_0, 32;
    %set/v v0117C668_0, 8, 32;
    %jmp T_0.10;
T_0.11 ;
    %ix/load 3, 10, 0;
    %mov 4, 0, 1;
    %load/av 8, v0117C718, 128;
    %ix/load 3, 9, 0;
    %mov 4, 0, 1;
    %load/av 136, v0117C718, 128;
    %ix/load 3, 8, 0;
    %mov 4, 0, 1;
    %load/av 264, v0117C718, 128;
    %ix/load 3, 7, 0;
    %mov 4, 0, 1;
    %load/av 392, v0117C718, 128;
    %ix/load 3, 6, 0;
    %mov 4, 0, 1;
    %load/av 520, v0117C718, 128;
    %ix/load 3, 5, 0;
    %mov 4, 0, 1;
    %load/av 648, v0117C718, 128;
    %ix/load 3, 4, 0;
    %mov 4, 0, 1;
    %load/av 776, v0117C718, 128;
    %ix/load 3, 3, 0;
    %mov 4, 0, 1;
    %load/av 904, v0117C718, 128;
    %ix/load 3, 2, 0;
    %mov 4, 0, 1;
    %load/av 1032, v0117C718, 128;
    %ix/load 3, 1, 0;
    %mov 4, 0, 1;
    %load/av 1160, v0117C718, 128;
    %ix/load 3, 0, 0;
    %mov 4, 0, 1;
    %load/av 1288, v0117C718, 128;
    %set/v v0117C9D8_0, 8, 1408;
    %end;
S_01114D60 .scope function, "InvMixColumn" "InvMixColumn" 3 222, 3 222, S_011140A0;
 .timescale -9 -12;
v0117C928_0 .var "InvMixColumn", 31 0;
v0117CB38_0 .var "a0", 7 0;
v0117CC40_0 .var "a1", 7 0;
v0117CDA0_0 .var "a2", 7 0;
v0117CDF8_0 .var "a3", 7 0;
v0117C5B8_0 .var "b0", 7 0;
v0117C980_0 .var "b1", 7 0;
v0117CE50_0 .var "b2", 7 0;
v0117CF00_0 .var "b3", 7 0;
v0117C610_0 .var "column", 31 0;
TD_DMEM_TB.u_DMEM.InvMixColumn ;
    %ix/load 1, 24, 0;
    %mov 4, 0, 1;
    %jmp/1 T_1.12, 4;
    %load/x1p 8, v0117C610_0, 8;
    %jmp T_1.13;
T_1.12 ;
    %mov 8, 2, 8;
T_1.13 ;
; Save base=8 wid=8 in lookaside.
    %set/v v0117CB38_0, 8, 8;
    %ix/load 1, 16, 0;
    %mov 4, 0, 1;
    %jmp/1 T_1.14, 4;
    %load/x1p 8, v0117C610_0, 8;
    %jmp T_1.15;
T_1.14 ;
    %mov 8, 2, 8;
T_1.15 ;
; Save base=8 wid=8 in lookaside.
    %set/v v0117CC40_0, 8, 8;
    %ix/load 1, 8, 0;
    %mov 4, 0, 1;
    %jmp/1 T_1.16, 4;
    %load/x1p 8, v0117C610_0, 8;
    %jmp T_1.17;
T_1.16 ;
    %mov 8, 2, 8;
T_1.17 ;
; Save base=8 wid=8 in lookaside.
    %set/v v0117CDA0_0, 8, 8;
    %load/v 8, v0117C610_0, 8; Only need 8 of 32 bits
; Save base=8 wid=8 in lookaside.
    %set/v v0117CDF8_0, 8, 8;
    %load/v 8, v0117CB38_0, 8;
    %set/v v0117BD50_0, 8, 8;
    %fork TD_DMEM_TB.u_DMEM.Mul14, S_01115338;
    %join;
    %load/v  8, v0117C2D0_0, 8;
    %load/v 16, v0117CC40_0, 8;
    %set/v v0117BFB8_0, 16, 8;
    %fork TD_DMEM_TB.u_DMEM.Mul11, S_011154D0;
    %join;
    %load/v  16, v0117C170_0, 8;
    %xor 8, 16, 8;
    %load/v 16, v0117CDA0_0, 8;
    %set/v v0117C1C8_0, 16, 8;
    %fork TD_DMEM_TB.u_DMEM.Mul13, S_01115668;
    %join;
    %load/v  16, v0117C3D8_0, 8;
    %xor 8, 16, 8;
    %load/v 16, v0117CDF8_0, 8;
    %set/v v0117C118_0, 16, 8;
    %fork TD_DMEM_TB.u_DMEM.Mul9, S_01114AB8;
    %join;
    %load/v  16, v0117C328_0, 8;
    %xor 8, 16, 8;
    %set/v v0117C5B8_0, 8, 8;
    %load/v 8, v0117CB38_0, 8;
    %set/v v0117C118_0, 8, 8;
    %fork TD_DMEM_TB.u_DMEM.Mul9, S_01114AB8;
    %join;
    %load/v  8, v0117C328_0, 8;
    %load/v 16, v0117CC40_0, 8;
    %set/v v0117BD50_0, 16, 8;
    %fork TD_DMEM_TB.u_DMEM.Mul14, S_01115338;
    %join;
    %load/v  16, v0117C2D0_0, 8;
    %xor 8, 16, 8;
    %load/v 16, v0117CDA0_0, 8;
    %set/v v0117BFB8_0, 16, 8;
    %fork TD_DMEM_TB.u_DMEM.Mul11, S_011154D0;
    %join;
    %load/v  16, v0117C170_0, 8;
    %xor 8, 16, 8;
    %load/v 16, v0117CDF8_0, 8;
    %set/v v0117C1C8_0, 16, 8;
    %fork TD_DMEM_TB.u_DMEM.Mul13, S_01115668;
    %join;
    %load/v  16, v0117C3D8_0, 8;
    %xor 8, 16, 8;
    %set/v v0117C980_0, 8, 8;
    %load/v 8, v0117CB38_0, 8;
    %set/v v0117C1C8_0, 8, 8;
    %fork TD_DMEM_TB.u_DMEM.Mul13, S_01115668;
    %join;
    %load/v  8, v0117C3D8_0, 8;
    %load/v 16, v0117CC40_0, 8;
    %set/v v0117C118_0, 16, 8;
    %fork TD_DMEM_TB.u_DMEM.Mul9, S_01114AB8;
    %join;
    %load/v  16, v0117C328_0, 8;
    %xor 8, 16, 8;
    %load/v 16, v0117CDA0_0, 8;
    %set/v v0117BD50_0, 16, 8;
    %fork TD_DMEM_TB.u_DMEM.Mul14, S_01115338;
    %join;
    %load/v  16, v0117C2D0_0, 8;
    %xor 8, 16, 8;
    %load/v 16, v0117CDF8_0, 8;
    %set/v v0117BFB8_0, 16, 8;
    %fork TD_DMEM_TB.u_DMEM.Mul11, S_011154D0;
    %join;
    %load/v  16, v0117C170_0, 8;
    %xor 8, 16, 8;
    %set/v v0117CE50_0, 8, 8;
    %load/v 8, v0117CB38_0, 8;
    %set/v v0117BFB8_0, 8, 8;
    %fork TD_DMEM_TB.u_DMEM.Mul11, S_011154D0;
    %join;
    %load/v  8, v0117C170_0, 8;
    %load/v 16, v0117CC40_0, 8;
    %set/v v0117C1C8_0, 16, 8;
    %fork TD_DMEM_TB.u_DMEM.Mul13, S_01115668;
    %join;
    %load/v  16, v0117C3D8_0, 8;
    %xor 8, 16, 8;
    %load/v 16, v0117CDA0_0, 8;
    %set/v v0117C118_0, 16, 8;
    %fork TD_DMEM_TB.u_DMEM.Mul9, S_01114AB8;
    %join;
    %load/v  16, v0117C328_0, 8;
    %xor 8, 16, 8;
    %load/v 16, v0117CDF8_0, 8;
    %set/v v0117BD50_0, 16, 8;
    %fork TD_DMEM_TB.u_DMEM.Mul14, S_01115338;
    %join;
    %load/v  16, v0117C2D0_0, 8;
    %xor 8, 16, 8;
    %set/v v0117CF00_0, 8, 8;
    %load/v 8, v0117CF00_0, 8;
    %load/v 16, v0117CE50_0, 8;
    %load/v 24, v0117C980_0, 8;
    %load/v 32, v0117C5B8_0, 8;
    %set/v v0117C928_0, 8, 32;
    %end;
S_01114CD8 .scope function, "InvMixColumns" "InvMixColumns" 3 270, 3 270, S_011140A0;
 .timescale -9 -12;
v0117C878_0 .var "InvMixColumns", 127 0;
v0117C4B0 .array "bytes", 0 15, 7 0;
v0117CCF0_0 .var "column", 31 0;
v0117C8D0_0 .var "data", 127 0;
v0117CD48_0 .var/i "i", 31 0;
TD_DMEM_TB.u_DMEM.InvMixColumns ;
    %set/v v0117CD48_0, 0, 32;
T_2.18 ;
    %load/v 8, v0117CD48_0, 32;
   %cmpi/s 8, 16, 32;
    %jmp/0xz T_2.19, 5;
    %ix/load 0, 1, 0;
    %load/vp0/s 46, v0117CD48_0, 37;
    %muli 46, 8, 37;
    %subi 46, 1, 37;
    %mov 8, 46, 37;
    %mov 45, 44, 1;
    %subi 8, 7, 38;
    %ix/get/s 1, 8, 38;
    %jmp/1 T_2.20, 4;
    %load/x1p 8, v0117C8D0_0, 8;
    %jmp T_2.21;
T_2.20 ;
    %mov 8, 2, 8;
T_2.21 ;
; Save base=8 wid=8 in lookaside.
    %ix/getv/s 3, v0117CD48_0;
   %jmp/1 t_2, 4;
   %ix/load 1, 0, 0;
   %set/av v0117C4B0, 8, 8;
t_2 ;
    %ix/load 0, 1, 0;
    %load/vp0/s 8, v0117CD48_0, 32;
    %set/v v0117CD48_0, 8, 32;
    %jmp T_2.18;
T_2.19 ;
    %ix/load 3, 12, 0;
    %mov 4, 0, 1;
    %load/av 8, v0117C4B0, 8;
    %ix/load 3, 13, 0;
    %mov 4, 0, 1;
    %load/av 16, v0117C4B0, 8;
    %ix/load 3, 14, 0;
    %mov 4, 0, 1;
    %load/av 24, v0117C4B0, 8;
    %ix/load 3, 15, 0;
    %mov 4, 0, 1;
    %load/av 32, v0117C4B0, 8;
    %set/v v0117C610_0, 8, 32;
    %fork TD_DMEM_TB.u_DMEM.InvMixColumn, S_01114D60;
    %join;
    %load/v  8, v0117C928_0, 32;
    %set/v v0117CCF0_0, 8, 32;
    %ix/load 1, 24, 0;
    %mov 4, 0, 1;
    %jmp/1 T_2.22, 4;
    %load/x1p 8, v0117CCF0_0, 8;
    %jmp T_2.23;
T_2.22 ;
    %mov 8, 2, 8;
T_2.23 ;
; Save base=8 wid=8 in lookaside.
   %ix/load 1, 0, 0;
   %ix/load 3, 15, 0;
   %set/av v0117C4B0, 8, 8;
    %ix/load 1, 16, 0;
    %mov 4, 0, 1;
    %jmp/1 T_2.24, 4;
    %load/x1p 8, v0117CCF0_0, 8;
    %jmp T_2.25;
T_2.24 ;
    %mov 8, 2, 8;
T_2.25 ;
; Save base=8 wid=8 in lookaside.
   %ix/load 1, 0, 0;
   %ix/load 3, 14, 0;
   %set/av v0117C4B0, 8, 8;
    %ix/load 1, 8, 0;
    %mov 4, 0, 1;
    %jmp/1 T_2.26, 4;
    %load/x1p 8, v0117CCF0_0, 8;
    %jmp T_2.27;
T_2.26 ;
    %mov 8, 2, 8;
T_2.27 ;
; Save base=8 wid=8 in lookaside.
   %ix/load 1, 0, 0;
   %ix/load 3, 13, 0;
   %set/av v0117C4B0, 8, 8;
    %load/v 8, v0117CCF0_0, 8; Only need 8 of 32 bits
; Save base=8 wid=8 in lookaside.
   %ix/load 1, 0, 0;
   %ix/load 3, 12, 0;
   %set/av v0117C4B0, 8, 8;
    %ix/load 3, 8, 0;
    %mov 4, 0, 1;
    %load/av 8, v0117C4B0, 8;
    %ix/load 3, 9, 0;
    %mov 4, 0, 1;
    %load/av 16, v0117C4B0, 8;
    %ix/load 3, 10, 0;
    %mov 4, 0, 1;
    %load/av 24, v0117C4B0, 8;
    %ix/load 3, 11, 0;
    %mov 4, 0, 1;
    %load/av 32, v0117C4B0, 8;
    %set/v v0117C610_0, 8, 32;
    %fork TD_DMEM_TB.u_DMEM.InvMixColumn, S_01114D60;
    %join;
    %load/v  8, v0117C928_0, 32;
    %set/v v0117CCF0_0, 8, 32;
    %ix/load 1, 24, 0;
    %mov 4, 0, 1;
    %jmp/1 T_2.28, 4;
    %load/x1p 8, v0117CCF0_0, 8;
    %jmp T_2.29;
T_2.28 ;
    %mov 8, 2, 8;
T_2.29 ;
; Save base=8 wid=8 in lookaside.
   %ix/load 1, 0, 0;
   %ix/load 3, 11, 0;
   %set/av v0117C4B0, 8, 8;
    %ix/load 1, 16, 0;
    %mov 4, 0, 1;
    %jmp/1 T_2.30, 4;
    %load/x1p 8, v0117CCF0_0, 8;
    %jmp T_2.31;
T_2.30 ;
    %mov 8, 2, 8;
T_2.31 ;
; Save base=8 wid=8 in lookaside.
   %ix/load 1, 0, 0;
   %ix/load 3, 10, 0;
   %set/av v0117C4B0, 8, 8;
    %ix/load 1, 8, 0;
    %mov 4, 0, 1;
    %jmp/1 T_2.32, 4;
    %load/x1p 8, v0117CCF0_0, 8;
    %jmp T_2.33;
T_2.32 ;
    %mov 8, 2, 8;
T_2.33 ;
; Save base=8 wid=8 in lookaside.
   %ix/load 1, 0, 0;
   %ix/load 3, 9, 0;
   %set/av v0117C4B0, 8, 8;
    %load/v 8, v0117CCF0_0, 8; Only need 8 of 32 bits
; Save base=8 wid=8 in lookaside.
   %ix/load 1, 0, 0;
   %ix/load 3, 8, 0;
   %set/av v0117C4B0, 8, 8;
    %ix/load 3, 4, 0;
    %mov 4, 0, 1;
    %load/av 8, v0117C4B0, 8;
    %ix/load 3, 5, 0;
    %mov 4, 0, 1;
    %load/av 16, v0117C4B0, 8;
    %ix/load 3, 6, 0;
    %mov 4, 0, 1;
    %load/av 24, v0117C4B0, 8;
    %ix/load 3, 7, 0;
    %mov 4, 0, 1;
    %load/av 32, v0117C4B0, 8;
    %set/v v0117C610_0, 8, 32;
    %fork TD_DMEM_TB.u_DMEM.InvMixColumn, S_01114D60;
    %join;
    %load/v  8, v0117C928_0, 32;
    %set/v v0117CCF0_0, 8, 32;
    %ix/load 1, 24, 0;
    %mov 4, 0, 1;
    %jmp/1 T_2.34, 4;
    %load/x1p 8, v0117CCF0_0, 8;
    %jmp T_2.35;
T_2.34 ;
    %mov 8, 2, 8;
T_2.35 ;
; Save base=8 wid=8 in lookaside.
   %ix/load 1, 0, 0;
   %ix/load 3, 7, 0;
   %set/av v0117C4B0, 8, 8;
    %ix/load 1, 16, 0;
    %mov 4, 0, 1;
    %jmp/1 T_2.36, 4;
    %load/x1p 8, v0117CCF0_0, 8;
    %jmp T_2.37;
T_2.36 ;
    %mov 8, 2, 8;
T_2.37 ;
; Save base=8 wid=8 in lookaside.
   %ix/load 1, 0, 0;
   %ix/load 3, 6, 0;
   %set/av v0117C4B0, 8, 8;
    %ix/load 1, 8, 0;
    %mov 4, 0, 1;
    %jmp/1 T_2.38, 4;
    %load/x1p 8, v0117CCF0_0, 8;
    %jmp T_2.39;
T_2.38 ;
    %mov 8, 2, 8;
T_2.39 ;
; Save base=8 wid=8 in lookaside.
   %ix/load 1, 0, 0;
   %ix/load 3, 5, 0;
   %set/av v0117C4B0, 8, 8;
    %load/v 8, v0117CCF0_0, 8; Only need 8 of 32 bits
; Save base=8 wid=8 in lookaside.
   %ix/load 1, 0, 0;
   %ix/load 3, 4, 0;
   %set/av v0117C4B0, 8, 8;
    %ix/load 3, 0, 0;
    %mov 4, 0, 1;
    %load/av 8, v0117C4B0, 8;
    %ix/load 3, 1, 0;
    %mov 4, 0, 1;
    %load/av 16, v0117C4B0, 8;
    %ix/load 3, 2, 0;
    %mov 4, 0, 1;
    %load/av 24, v0117C4B0, 8;
    %ix/load 3, 3, 0;
    %mov 4, 0, 1;
    %load/av 32, v0117C4B0, 8;
    %set/v v0117C610_0, 8, 32;
    %fork TD_DMEM_TB.u_DMEM.InvMixColumn, S_01114D60;
    %join;
    %load/v  8, v0117C928_0, 32;
    %set/v v0117CCF0_0, 8, 32;
    %ix/load 1, 24, 0;
    %mov 4, 0, 1;
    %jmp/1 T_2.40, 4;
    %load/x1p 8, v0117CCF0_0, 8;
    %jmp T_2.41;
T_2.40 ;
    %mov 8, 2, 8;
T_2.41 ;
; Save base=8 wid=8 in lookaside.
   %ix/load 1, 0, 0;
   %ix/load 3, 3, 0;
   %set/av v0117C4B0, 8, 8;
    %ix/load 1, 16, 0;
    %mov 4, 0, 1;
    %jmp/1 T_2.42, 4;
    %load/x1p 8, v0117CCF0_0, 8;
    %jmp T_2.43;
T_2.42 ;
    %mov 8, 2, 8;
T_2.43 ;
; Save base=8 wid=8 in lookaside.
   %ix/load 1, 0, 0;
   %ix/load 3, 2, 0;
   %set/av v0117C4B0, 8, 8;
    %ix/load 1, 8, 0;
    %mov 4, 0, 1;
    %jmp/1 T_2.44, 4;
    %load/x1p 8, v0117CCF0_0, 8;
    %jmp T_2.45;
T_2.44 ;
    %mov 8, 2, 8;
T_2.45 ;
; Save base=8 wid=8 in lookaside.
   %ix/load 1, 0, 0;
   %ix/load 3, 1, 0;
   %set/av v0117C4B0, 8, 8;
    %load/v 8, v0117CCF0_0, 8; Only need 8 of 32 bits
; Save base=8 wid=8 in lookaside.
   %ix/load 1, 0, 0;
   %ix/load 3, 0, 0;
   %set/av v0117C4B0, 8, 8;
    %ix/load 3, 0, 0;
    %mov 4, 0, 1;
    %load/av 8, v0117C4B0, 8;
    %ix/load 3, 1, 0;
    %mov 4, 0, 1;
    %load/av 16, v0117C4B0, 8;
    %ix/load 3, 2, 0;
    %mov 4, 0, 1;
    %load/av 24, v0117C4B0, 8;
    %ix/load 3, 3, 0;
    %mov 4, 0, 1;
    %load/av 32, v0117C4B0, 8;
    %ix/load 3, 4, 0;
    %mov 4, 0, 1;
    %load/av 40, v0117C4B0, 8;
    %ix/load 3, 5, 0;
    %mov 4, 0, 1;
    %load/av 48, v0117C4B0, 8;
    %ix/load 3, 6, 0;
    %mov 4, 0, 1;
    %load/av 56, v0117C4B0, 8;
    %ix/load 3, 7, 0;
    %mov 4, 0, 1;
    %load/av 64, v0117C4B0, 8;
    %ix/load 3, 8, 0;
    %mov 4, 0, 1;
    %load/av 72, v0117C4B0, 8;
    %ix/load 3, 9, 0;
    %mov 4, 0, 1;
    %load/av 80, v0117C4B0, 8;
    %ix/load 3, 10, 0;
    %mov 4, 0, 1;
    %load/av 88, v0117C4B0, 8;
    %ix/load 3, 11, 0;
    %mov 4, 0, 1;
    %load/av 96, v0117C4B0, 8;
    %ix/load 3, 12, 0;
    %mov 4, 0, 1;
    %load/av 104, v0117C4B0, 8;
    %ix/load 3, 13, 0;
    %mov 4, 0, 1;
    %load/av 112, v0117C4B0, 8;
    %ix/load 3, 14, 0;
    %mov 4, 0, 1;
    %load/av 120, v0117C4B0, 8;
    %ix/load 3, 15, 0;
    %mov 4, 0, 1;
    %load/av 128, v0117C4B0, 8;
    %set/v v0117C878_0, 8, 128;
    %end;
S_01115778 .scope function, "InvShiftRows" "InvShiftRows" 3 202, 3 202, S_011140A0;
 .timescale -9 -12;
v0117C508_0 .var "InvShiftRows", 127 0;
v0117CF58 .array "bytes", 0 15, 7 0;
v0117CBE8_0 .var "data", 127 0;
v0117CA88_0 .var/i "i", 31 0;
TD_DMEM_TB.u_DMEM.InvShiftRows ;
    %set/v v0117CA88_0, 0, 32;
T_3.46 ;
    %load/v 8, v0117CA88_0, 32;
   %cmpi/s 8, 16, 32;
    %jmp/0xz T_3.47, 5;
    %ix/load 0, 1, 0;
    %load/vp0/s 46, v0117CA88_0, 37;
    %muli 46, 8, 37;
    %subi 46, 1, 37;
    %mov 8, 46, 37;
    %mov 45, 44, 1;
    %subi 8, 7, 38;
    %ix/get/s 1, 8, 38;
    %jmp/1 T_3.48, 4;
    %load/x1p 8, v0117CBE8_0, 8;
    %jmp T_3.49;
T_3.48 ;
    %mov 8, 2, 8;
T_3.49 ;
; Save base=8 wid=8 in lookaside.
    %ix/getv/s 3, v0117CA88_0;
   %jmp/1 t_3, 4;
   %ix/load 1, 0, 0;
   %set/av v0117CF58, 8, 8;
t_3 ;
    %ix/load 0, 1, 0;
    %load/vp0/s 8, v0117CA88_0, 32;
    %set/v v0117CA88_0, 8, 32;
    %jmp T_3.46;
T_3.47 ;
    %ix/load 3, 12, 0;
    %mov 4, 0, 1;
    %load/av 8, v0117CF58, 8;
    %ix/load 3, 9, 0;
    %mov 4, 0, 1;
    %load/av 16, v0117CF58, 8;
    %ix/load 3, 6, 0;
    %mov 4, 0, 1;
    %load/av 24, v0117CF58, 8;
    %ix/load 3, 3, 0;
    %mov 4, 0, 1;
    %load/av 32, v0117CF58, 8;
    %ix/load 3, 0, 0;
    %mov 4, 0, 1;
    %load/av 40, v0117CF58, 8;
    %ix/load 3, 13, 0;
    %mov 4, 0, 1;
    %load/av 48, v0117CF58, 8;
    %ix/load 3, 10, 0;
    %mov 4, 0, 1;
    %load/av 56, v0117CF58, 8;
    %ix/load 3, 7, 0;
    %mov 4, 0, 1;
    %load/av 64, v0117CF58, 8;
    %ix/load 3, 4, 0;
    %mov 4, 0, 1;
    %load/av 72, v0117CF58, 8;
    %ix/load 3, 1, 0;
    %mov 4, 0, 1;
    %load/av 80, v0117CF58, 8;
    %ix/load 3, 14, 0;
    %mov 4, 0, 1;
    %load/av 88, v0117CF58, 8;
    %ix/load 3, 11, 0;
    %mov 4, 0, 1;
    %load/av 96, v0117CF58, 8;
    %ix/load 3, 8, 0;
    %mov 4, 0, 1;
    %load/av 104, v0117CF58, 8;
    %ix/load 3, 5, 0;
    %mov 4, 0, 1;
    %load/av 112, v0117CF58, 8;
    %ix/load 3, 2, 0;
    %mov 4, 0, 1;
    %load/av 120, v0117CF58, 8;
    %ix/load 3, 15, 0;
    %mov 4, 0, 1;
    %load/av 128, v0117CF58, 8;
    %set/v v0117C508_0, 8, 128;
    %end;
S_01115090 .scope function, "InvSubByte" "InvSubByte" 3 192, 3 192, S_011140A0;
 .timescale -9 -12;
v0117CB90_0 .var "InvSubByte", 127 0;
v0117CEA8_0 .var "data", 127 0;
v0117CC98_0 .var/i "i", 31 0;
TD_DMEM_TB.u_DMEM.InvSubByte ;
    %set/v v0117CC98_0, 0, 32;
T_4.50 ;
    %load/v 8, v0117CC98_0, 32;
   %cmpi/s 8, 16, 32;
    %jmp/0xz T_4.51, 5;
    %ix/load 0, 1, 0;
    %load/vp0/s 54, v0117CC98_0, 37;
    %muli 54, 8, 37;
    %subi 54, 1, 37;
    %mov 16, 54, 37;
    %mov 53, 52, 1;
    %subi 16, 7, 38;
    %ix/get/s 1, 16, 38;
    %jmp/1 T_4.52, 4;
    %load/x1p 16, v0117CEA8_0, 8;
    %jmp T_4.53;
T_4.52 ;
    %mov 16, 2, 8;
T_4.53 ;
; Save base=16 wid=8 in lookaside.
    %ix/get 3, 16, 8;
    %load/av 8, v0117D428, 8;
    %ix/load 0, 1, 0;
    %load/vp0/s 54, v0117CC98_0, 37;
    %muli 54, 8, 37;
    %subi 54, 1, 37;
    %mov 16, 54, 37;
    %mov 53, 52, 1;
    %subi 16, 7, 38;
    %ix/get/s 0, 16, 38;
    %jmp/1 t_4, 4;
    %set/x0 v0117CB90_0, 8, 8;
t_4 ;
    %ix/load 0, 1, 0;
    %load/vp0/s 8, v0117CC98_0, 32;
    %set/v v0117CC98_0, 8, 32;
    %jmp T_4.50;
T_4.51 ;
    %end;
S_011149A8 .scope function, "MixColumn" "MixColumn" 3 118, 3 118, S_011140A0;
 .timescale -9 -12;
v0117BF08_0 .var "MixColumn", 31 0;
v0117C010_0 .var "a0", 7 0;
v0117C278_0 .var "a1", 7 0;
v0117C068_0 .var "a2", 7 0;
v0117BCF8_0 .var "a3", 7 0;
v0117BF60_0 .var "b0", 7 0;
v0117C0C0_0 .var "b1", 7 0;
v0117CA30_0 .var "b2", 7 0;
v0117C560_0 .var "b3", 7 0;
v0117CAE0_0 .var "column", 31 0;
TD_DMEM_TB.u_DMEM.MixColumn ;
    %ix/load 1, 24, 0;
    %mov 4, 0, 1;
    %jmp/1 T_5.54, 4;
    %load/x1p 8, v0117CAE0_0, 8;
    %jmp T_5.55;
T_5.54 ;
    %mov 8, 2, 8;
T_5.55 ;
; Save base=8 wid=8 in lookaside.
    %set/v v0117C010_0, 8, 8;
    %ix/load 1, 16, 0;
    %mov 4, 0, 1;
    %jmp/1 T_5.56, 4;
    %load/x1p 8, v0117CAE0_0, 8;
    %jmp T_5.57;
T_5.56 ;
    %mov 8, 2, 8;
T_5.57 ;
; Save base=8 wid=8 in lookaside.
    %set/v v0117C278_0, 8, 8;
    %ix/load 1, 8, 0;
    %mov 4, 0, 1;
    %jmp/1 T_5.58, 4;
    %load/x1p 8, v0117CAE0_0, 8;
    %jmp T_5.59;
T_5.58 ;
    %mov 8, 2, 8;
T_5.59 ;
; Save base=8 wid=8 in lookaside.
    %set/v v0117C068_0, 8, 8;
    %load/v 8, v0117CAE0_0, 8; Only need 8 of 32 bits
; Save base=8 wid=8 in lookaside.
    %set/v v0117BCF8_0, 8, 8;
    %load/v 8, v0117C010_0, 8;
    %set/v v0117BE58_0, 8, 8;
    %fork TD_DMEM_TB.u_DMEM.Mul2, S_011155E0;
    %join;
    %load/v  8, v0117BDA8_0, 8;
    %load/v 16, v0117C278_0, 8;
    %set/v v0117BE58_0, 16, 8;
    %fork TD_DMEM_TB.u_DMEM.Mul2, S_011155E0;
    %join;
    %load/v  16, v0117BDA8_0, 8;
    %load/v 24, v0117C278_0, 8;
    %xor 16, 24, 8;
    %xor 8, 16, 8;
    %load/v 16, v0117C068_0, 8;
    %xor 8, 16, 8;
    %load/v 16, v0117BCF8_0, 8;
    %xor 8, 16, 8;
    %set/v v0117BF60_0, 8, 8;
    %load/v 8, v0117C010_0, 8;
    %load/v 16, v0117C278_0, 8;
    %set/v v0117BE58_0, 16, 8;
    %fork TD_DMEM_TB.u_DMEM.Mul2, S_011155E0;
    %join;
    %load/v  16, v0117BDA8_0, 8;
    %xor 8, 16, 8;
    %load/v 16, v0117C068_0, 8;
    %set/v v0117BE58_0, 16, 8;
    %fork TD_DMEM_TB.u_DMEM.Mul2, S_011155E0;
    %join;
    %load/v  16, v0117BDA8_0, 8;
    %load/v 24, v0117C068_0, 8;
    %xor 16, 24, 8;
    %xor 8, 16, 8;
    %load/v 16, v0117BCF8_0, 8;
    %xor 8, 16, 8;
    %set/v v0117C0C0_0, 8, 8;
    %load/v 8, v0117C010_0, 8;
    %load/v 16, v0117C278_0, 8;
    %xor 8, 16, 8;
    %load/v 16, v0117C068_0, 8;
    %set/v v0117BE58_0, 16, 8;
    %fork TD_DMEM_TB.u_DMEM.Mul2, S_011155E0;
    %join;
    %load/v  16, v0117BDA8_0, 8;
    %xor 8, 16, 8;
    %load/v 16, v0117BCF8_0, 8;
    %set/v v0117BE58_0, 16, 8;
    %fork TD_DMEM_TB.u_DMEM.Mul2, S_011155E0;
    %join;
    %load/v  16, v0117BDA8_0, 8;
    %load/v 24, v0117BCF8_0, 8;
    %xor 16, 24, 8;
    %xor 8, 16, 8;
    %set/v v0117CA30_0, 8, 8;
    %load/v 8, v0117C010_0, 8;
    %set/v v0117BE58_0, 8, 8;
    %fork TD_DMEM_TB.u_DMEM.Mul2, S_011155E0;
    %join;
    %load/v  8, v0117BDA8_0, 8;
    %load/v 16, v0117C010_0, 8;
    %xor 8, 16, 8;
    %load/v 16, v0117C278_0, 8;
    %xor 8, 16, 8;
    %load/v 16, v0117C068_0, 8;
    %xor 8, 16, 8;
    %load/v 16, v0117BCF8_0, 8;
    %set/v v0117BE58_0, 16, 8;
    %fork TD_DMEM_TB.u_DMEM.Mul2, S_011155E0;
    %join;
    %load/v  16, v0117BDA8_0, 8;
    %xor 8, 16, 8;
    %set/v v0117C560_0, 8, 8;
    %load/v 8, v0117C560_0, 8;
    %load/v 16, v0117CA30_0, 8;
    %load/v 24, v0117C0C0_0, 8;
    %load/v 32, v0117BF60_0, 8;
    %set/v v0117BF08_0, 8, 32;
    %end;
S_011153C0 .scope function, "MixColumns" "MixColumns" 3 145, 3 145, S_011140A0;
 .timescale -9 -12;
v0117BCA0_0 .var "MixColumns", 127 0;
v0117BE00 .array "bytes", 0 15, 7 0;
v0117C220_0 .var "column", 31 0;
v0117C380_0 .var "data", 127 0;
v0117BEB0_0 .var/i "i", 31 0;
TD_DMEM_TB.u_DMEM.MixColumns ;
    %set/v v0117BEB0_0, 0, 32;
T_6.60 ;
    %load/v 8, v0117BEB0_0, 32;
   %cmpi/s 8, 16, 32;
    %jmp/0xz T_6.61, 5;
    %ix/load 0, 1, 0;
    %load/vp0/s 46, v0117BEB0_0, 37;
    %muli 46, 8, 37;
    %subi 46, 1, 37;
    %mov 8, 46, 37;
    %mov 45, 44, 1;
    %subi 8, 7, 38;
    %ix/get/s 1, 8, 38;
    %jmp/1 T_6.62, 4;
    %load/x1p 8, v0117C380_0, 8;
    %jmp T_6.63;
T_6.62 ;
    %mov 8, 2, 8;
T_6.63 ;
; Save base=8 wid=8 in lookaside.
    %ix/getv/s 3, v0117BEB0_0;
   %jmp/1 t_5, 4;
   %ix/load 1, 0, 0;
   %set/av v0117BE00, 8, 8;
t_5 ;
    %ix/load 0, 1, 0;
    %load/vp0/s 8, v0117BEB0_0, 32;
    %set/v v0117BEB0_0, 8, 32;
    %jmp T_6.60;
T_6.61 ;
    %ix/load 3, 12, 0;
    %mov 4, 0, 1;
    %load/av 8, v0117BE00, 8;
    %ix/load 3, 13, 0;
    %mov 4, 0, 1;
    %load/av 16, v0117BE00, 8;
    %ix/load 3, 14, 0;
    %mov 4, 0, 1;
    %load/av 24, v0117BE00, 8;
    %ix/load 3, 15, 0;
    %mov 4, 0, 1;
    %load/av 32, v0117BE00, 8;
    %set/v v0117CAE0_0, 8, 32;
    %fork TD_DMEM_TB.u_DMEM.MixColumn, S_011149A8;
    %join;
    %load/v  8, v0117BF08_0, 32;
    %set/v v0117C220_0, 8, 32;
    %ix/load 1, 24, 0;
    %mov 4, 0, 1;
    %jmp/1 T_6.64, 4;
    %load/x1p 8, v0117C220_0, 8;
    %jmp T_6.65;
T_6.64 ;
    %mov 8, 2, 8;
T_6.65 ;
; Save base=8 wid=8 in lookaside.
   %ix/load 1, 0, 0;
   %ix/load 3, 15, 0;
   %set/av v0117BE00, 8, 8;
    %ix/load 1, 16, 0;
    %mov 4, 0, 1;
    %jmp/1 T_6.66, 4;
    %load/x1p 8, v0117C220_0, 8;
    %jmp T_6.67;
T_6.66 ;
    %mov 8, 2, 8;
T_6.67 ;
; Save base=8 wid=8 in lookaside.
   %ix/load 1, 0, 0;
   %ix/load 3, 14, 0;
   %set/av v0117BE00, 8, 8;
    %ix/load 1, 8, 0;
    %mov 4, 0, 1;
    %jmp/1 T_6.68, 4;
    %load/x1p 8, v0117C220_0, 8;
    %jmp T_6.69;
T_6.68 ;
    %mov 8, 2, 8;
T_6.69 ;
; Save base=8 wid=8 in lookaside.
   %ix/load 1, 0, 0;
   %ix/load 3, 13, 0;
   %set/av v0117BE00, 8, 8;
    %load/v 8, v0117C220_0, 8; Only need 8 of 32 bits
; Save base=8 wid=8 in lookaside.
   %ix/load 1, 0, 0;
   %ix/load 3, 12, 0;
   %set/av v0117BE00, 8, 8;
    %ix/load 3, 8, 0;
    %mov 4, 0, 1;
    %load/av 8, v0117BE00, 8;
    %ix/load 3, 9, 0;
    %mov 4, 0, 1;
    %load/av 16, v0117BE00, 8;
    %ix/load 3, 10, 0;
    %mov 4, 0, 1;
    %load/av 24, v0117BE00, 8;
    %ix/load 3, 11, 0;
    %mov 4, 0, 1;
    %load/av 32, v0117BE00, 8;
    %set/v v0117CAE0_0, 8, 32;
    %fork TD_DMEM_TB.u_DMEM.MixColumn, S_011149A8;
    %join;
    %load/v  8, v0117BF08_0, 32;
    %set/v v0117C220_0, 8, 32;
    %ix/load 1, 24, 0;
    %mov 4, 0, 1;
    %jmp/1 T_6.70, 4;
    %load/x1p 8, v0117C220_0, 8;
    %jmp T_6.71;
T_6.70 ;
    %mov 8, 2, 8;
T_6.71 ;
; Save base=8 wid=8 in lookaside.
   %ix/load 1, 0, 0;
   %ix/load 3, 11, 0;
   %set/av v0117BE00, 8, 8;
    %ix/load 1, 16, 0;
    %mov 4, 0, 1;
    %jmp/1 T_6.72, 4;
    %load/x1p 8, v0117C220_0, 8;
    %jmp T_6.73;
T_6.72 ;
    %mov 8, 2, 8;
T_6.73 ;
; Save base=8 wid=8 in lookaside.
   %ix/load 1, 0, 0;
   %ix/load 3, 10, 0;
   %set/av v0117BE00, 8, 8;
    %ix/load 1, 8, 0;
    %mov 4, 0, 1;
    %jmp/1 T_6.74, 4;
    %load/x1p 8, v0117C220_0, 8;
    %jmp T_6.75;
T_6.74 ;
    %mov 8, 2, 8;
T_6.75 ;
; Save base=8 wid=8 in lookaside.
   %ix/load 1, 0, 0;
   %ix/load 3, 9, 0;
   %set/av v0117BE00, 8, 8;
    %load/v 8, v0117C220_0, 8; Only need 8 of 32 bits
; Save base=8 wid=8 in lookaside.
   %ix/load 1, 0, 0;
   %ix/load 3, 8, 0;
   %set/av v0117BE00, 8, 8;
    %ix/load 3, 4, 0;
    %mov 4, 0, 1;
    %load/av 8, v0117BE00, 8;
    %ix/load 3, 5, 0;
    %mov 4, 0, 1;
    %load/av 16, v0117BE00, 8;
    %ix/load 3, 6, 0;
    %mov 4, 0, 1;
    %load/av 24, v0117BE00, 8;
    %ix/load 3, 7, 0;
    %mov 4, 0, 1;
    %load/av 32, v0117BE00, 8;
    %set/v v0117CAE0_0, 8, 32;
    %fork TD_DMEM_TB.u_DMEM.MixColumn, S_011149A8;
    %join;
    %load/v  8, v0117BF08_0, 32;
    %set/v v0117C220_0, 8, 32;
    %ix/load 1, 24, 0;
    %mov 4, 0, 1;
    %jmp/1 T_6.76, 4;
    %load/x1p 8, v0117C220_0, 8;
    %jmp T_6.77;
T_6.76 ;
    %mov 8, 2, 8;
T_6.77 ;
; Save base=8 wid=8 in lookaside.
   %ix/load 1, 0, 0;
   %ix/load 3, 7, 0;
   %set/av v0117BE00, 8, 8;
    %ix/load 1, 16, 0;
    %mov 4, 0, 1;
    %jmp/1 T_6.78, 4;
    %load/x1p 8, v0117C220_0, 8;
    %jmp T_6.79;
T_6.78 ;
    %mov 8, 2, 8;
T_6.79 ;
; Save base=8 wid=8 in lookaside.
   %ix/load 1, 0, 0;
   %ix/load 3, 6, 0;
   %set/av v0117BE00, 8, 8;
    %ix/load 1, 8, 0;
    %mov 4, 0, 1;
    %jmp/1 T_6.80, 4;
    %load/x1p 8, v0117C220_0, 8;
    %jmp T_6.81;
T_6.80 ;
    %mov 8, 2, 8;
T_6.81 ;
; Save base=8 wid=8 in lookaside.
   %ix/load 1, 0, 0;
   %ix/load 3, 5, 0;
   %set/av v0117BE00, 8, 8;
    %load/v 8, v0117C220_0, 8; Only need 8 of 32 bits
; Save base=8 wid=8 in lookaside.
   %ix/load 1, 0, 0;
   %ix/load 3, 4, 0;
   %set/av v0117BE00, 8, 8;
    %ix/load 3, 0, 0;
    %mov 4, 0, 1;
    %load/av 8, v0117BE00, 8;
    %ix/load 3, 1, 0;
    %mov 4, 0, 1;
    %load/av 16, v0117BE00, 8;
    %ix/load 3, 2, 0;
    %mov 4, 0, 1;
    %load/av 24, v0117BE00, 8;
    %ix/load 3, 3, 0;
    %mov 4, 0, 1;
    %load/av 32, v0117BE00, 8;
    %set/v v0117CAE0_0, 8, 32;
    %fork TD_DMEM_TB.u_DMEM.MixColumn, S_011149A8;
    %join;
    %load/v  8, v0117BF08_0, 32;
    %set/v v0117C220_0, 8, 32;
    %ix/load 1, 24, 0;
    %mov 4, 0, 1;
    %jmp/1 T_6.82, 4;
    %load/x1p 8, v0117C220_0, 8;
    %jmp T_6.83;
T_6.82 ;
    %mov 8, 2, 8;
T_6.83 ;
; Save base=8 wid=8 in lookaside.
   %ix/load 1, 0, 0;
   %ix/load 3, 3, 0;
   %set/av v0117BE00, 8, 8;
    %ix/load 1, 16, 0;
    %mov 4, 0, 1;
    %jmp/1 T_6.84, 4;
    %load/x1p 8, v0117C220_0, 8;
    %jmp T_6.85;
T_6.84 ;
    %mov 8, 2, 8;
T_6.85 ;
; Save base=8 wid=8 in lookaside.
   %ix/load 1, 0, 0;
   %ix/load 3, 2, 0;
   %set/av v0117BE00, 8, 8;
    %ix/load 1, 8, 0;
    %mov 4, 0, 1;
    %jmp/1 T_6.86, 4;
    %load/x1p 8, v0117C220_0, 8;
    %jmp T_6.87;
T_6.86 ;
    %mov 8, 2, 8;
T_6.87 ;
; Save base=8 wid=8 in lookaside.
   %ix/load 1, 0, 0;
   %ix/load 3, 1, 0;
   %set/av v0117BE00, 8, 8;
    %load/v 8, v0117C220_0, 8; Only need 8 of 32 bits
; Save base=8 wid=8 in lookaside.
   %ix/load 1, 0, 0;
   %ix/load 3, 0, 0;
   %set/av v0117BE00, 8, 8;
    %ix/load 3, 0, 0;
    %mov 4, 0, 1;
    %load/av 8, v0117BE00, 8;
    %ix/load 3, 1, 0;
    %mov 4, 0, 1;
    %load/av 16, v0117BE00, 8;
    %ix/load 3, 2, 0;
    %mov 4, 0, 1;
    %load/av 24, v0117BE00, 8;
    %ix/load 3, 3, 0;
    %mov 4, 0, 1;
    %load/av 32, v0117BE00, 8;
    %ix/load 3, 4, 0;
    %mov 4, 0, 1;
    %load/av 40, v0117BE00, 8;
    %ix/load 3, 5, 0;
    %mov 4, 0, 1;
    %load/av 48, v0117BE00, 8;
    %ix/load 3, 6, 0;
    %mov 4, 0, 1;
    %load/av 56, v0117BE00, 8;
    %ix/load 3, 7, 0;
    %mov 4, 0, 1;
    %load/av 64, v0117BE00, 8;
    %ix/load 3, 8, 0;
    %mov 4, 0, 1;
    %load/av 72, v0117BE00, 8;
    %ix/load 3, 9, 0;
    %mov 4, 0, 1;
    %load/av 80, v0117BE00, 8;
    %ix/load 3, 10, 0;
    %mov 4, 0, 1;
    %load/av 88, v0117BE00, 8;
    %ix/load 3, 11, 0;
    %mov 4, 0, 1;
    %load/av 96, v0117BE00, 8;
    %ix/load 3, 12, 0;
    %mov 4, 0, 1;
    %load/av 104, v0117BE00, 8;
    %ix/load 3, 13, 0;
    %mov 4, 0, 1;
    %load/av 112, v0117BE00, 8;
    %ix/load 3, 14, 0;
    %mov 4, 0, 1;
    %load/av 120, v0117BE00, 8;
    %ix/load 3, 15, 0;
    %mov 4, 0, 1;
    %load/av 128, v0117BE00, 8;
    %set/v v0117BCA0_0, 8, 128;
    %end;
S_011154D0 .scope function, "Mul11" "Mul11" 3 249, 3 249, S_011140A0;
 .timescale -9 -12;
v0117C170_0 .var "Mul11", 7 0;
v0117BFB8_0 .var "a", 7 0;
TD_DMEM_TB.u_DMEM.Mul11 ;
    %load/v 8, v0117BFB8_0, 8;
    %set/v v0117BE58_0, 8, 8;
    %fork TD_DMEM_TB.u_DMEM.Mul2, S_011155E0;
    %join;
    %load/v  8, v0117BDA8_0, 8;
    %set/v v0117BE58_0, 8, 8;
    %fork TD_DMEM_TB.u_DMEM.Mul2, S_011155E0;
    %join;
    %load/v  8, v0117BDA8_0, 8;
    %load/v 16, v0117BFB8_0, 8;
    %xor 8, 16, 8;
    %set/v v0117BE58_0, 8, 8;
    %fork TD_DMEM_TB.u_DMEM.Mul2, S_011155E0;
    %join;
    %load/v  8, v0117BDA8_0, 8;
    %load/v 16, v0117BFB8_0, 8;
    %xor 8, 16, 8;
    %set/v v0117C170_0, 8, 8;
    %end;
S_01115668 .scope function, "Mul13" "Mul13" 3 256, 3 256, S_011140A0;
 .timescale -9 -12;
v0117C3D8_0 .var "Mul13", 7 0;
v0117C1C8_0 .var "a", 7 0;
TD_DMEM_TB.u_DMEM.Mul13 ;
    %load/v 8, v0117C1C8_0, 8;
    %set/v v0117BE58_0, 8, 8;
    %fork TD_DMEM_TB.u_DMEM.Mul2, S_011155E0;
    %join;
    %load/v  8, v0117BDA8_0, 8;
    %load/v 16, v0117C1C8_0, 8;
    %xor 8, 16, 8;
    %set/v v0117BE58_0, 8, 8;
    %fork TD_DMEM_TB.u_DMEM.Mul2, S_011155E0;
    %join;
    %load/v  8, v0117BDA8_0, 8;
    %set/v v0117BE58_0, 8, 8;
    %fork TD_DMEM_TB.u_DMEM.Mul2, S_011155E0;
    %join;
    %load/v  8, v0117BDA8_0, 8;
    %load/v 16, v0117C1C8_0, 8;
    %xor 8, 16, 8;
    %set/v v0117C3D8_0, 8, 8;
    %end;
S_01115338 .scope function, "Mul14" "Mul14" 3 242, 3 242, S_011140A0;
 .timescale -9 -12;
v0117C2D0_0 .var "Mul14", 7 0;
v0117BD50_0 .var "a", 7 0;
TD_DMEM_TB.u_DMEM.Mul14 ;
    %load/v 8, v0117BD50_0, 8;
    %set/v v0117BE58_0, 8, 8;
    %fork TD_DMEM_TB.u_DMEM.Mul2, S_011155E0;
    %join;
    %load/v  8, v0117BDA8_0, 8;
    %load/v 16, v0117BD50_0, 8;
    %xor 8, 16, 8;
    %set/v v0117BE58_0, 8, 8;
    %fork TD_DMEM_TB.u_DMEM.Mul2, S_011155E0;
    %join;
    %load/v  8, v0117BDA8_0, 8;
    %load/v 16, v0117BD50_0, 8;
    %xor 8, 16, 8;
    %set/v v0117BE58_0, 8, 8;
    %fork TD_DMEM_TB.u_DMEM.Mul2, S_011155E0;
    %join;
    %load/v  8, v0117BDA8_0, 8;
    %set/v v0117C2D0_0, 8, 8;
    %end;
S_011155E0 .scope function, "Mul2" "Mul2" 3 138, 3 138, S_011140A0;
 .timescale -9 -12;
v0117BDA8_0 .var "Mul2", 7 0;
v0117BE58_0 .var "a", 7 0;
TD_DMEM_TB.u_DMEM.Mul2 ;
    %load/v 8, v0117BE58_0, 8;
    %ix/load 0, 1, 0;
    %mov 4, 0, 1;
    %shiftl/i0  8, 8;
    %ix/load 1, 7, 0;
    %mov 4, 0, 1;
    %jmp/1 T_10.88, 4;
    %load/x1p 24, v0117BE58_0, 1;
    %jmp T_10.89;
T_10.88 ;
    %mov 24, 2, 1;
T_10.89 ;
    %mov 16, 24, 1; Move signal select into place
    %mov 23, 16, 1; Repetition 8
    %mov 22, 16, 1; Repetition 7
    %mov 21, 16, 1; Repetition 6
    %mov 20, 16, 1; Repetition 5
    %mov 19, 16, 1; Repetition 4
    %mov 18, 16, 1; Repetition 3
    %mov 17, 16, 1; Repetition 2
   %andi 16, 27, 8;
    %xor 8, 16, 8;
    %set/v v0117BDA8_0, 8, 8;
    %end;
S_01114AB8 .scope function, "Mul9" "Mul9" 3 263, 3 263, S_011140A0;
 .timescale -9 -12;
v0117C328_0 .var "Mul9", 7 0;
v0117C118_0 .var "a", 7 0;
TD_DMEM_TB.u_DMEM.Mul9 ;
    %load/v 8, v0117C118_0, 8;
    %set/v v0117BE58_0, 8, 8;
    %fork TD_DMEM_TB.u_DMEM.Mul2, S_011155E0;
    %join;
    %load/v  8, v0117BDA8_0, 8;
    %set/v v0117BE58_0, 8, 8;
    %fork TD_DMEM_TB.u_DMEM.Mul2, S_011155E0;
    %join;
    %load/v  8, v0117BDA8_0, 8;
    %set/v v0117BE58_0, 8, 8;
    %fork TD_DMEM_TB.u_DMEM.Mul2, S_011155E0;
    %join;
    %load/v  8, v0117BDA8_0, 8;
    %load/v 16, v0117C118_0, 8;
    %xor 8, 16, 8;
    %set/v v0117C328_0, 8, 8;
    %end;
S_01114C50 .scope function, "Rconst" "Rconst" 3 365, 3 365, S_011140A0;
 .timescale -9 -12;
v0114AE20_0 .var "Rconst", 31 0;
v0114AE78_0 .var "const", 7 0;
v0114AED0_0 .var "round", 3 0;
TD_DMEM_TB.u_DMEM.Rconst ;
    %load/v 8, v0114AED0_0, 4;
    %cmpi/u 8, 1, 4;
    %jmp/1 T_12.90, 6;
    %cmpi/u 8, 2, 4;
    %jmp/1 T_12.91, 6;
    %cmpi/u 8, 3, 4;
    %jmp/1 T_12.92, 6;
    %cmpi/u 8, 4, 4;
    %jmp/1 T_12.93, 6;
    %cmpi/u 8, 5, 4;
    %jmp/1 T_12.94, 6;
    %cmpi/u 8, 6, 4;
    %jmp/1 T_12.95, 6;
    %cmpi/u 8, 7, 4;
    %jmp/1 T_12.96, 6;
    %cmpi/u 8, 8, 4;
    %jmp/1 T_12.97, 6;
    %cmpi/u 8, 9, 4;
    %jmp/1 T_12.98, 6;
    %cmpi/u 8, 10, 4;
    %jmp/1 T_12.99, 6;
    %set/v v0114AE78_0, 0, 8;
    %jmp T_12.101;
T_12.90 ;
    %movi 8, 1, 8;
    %set/v v0114AE78_0, 8, 8;
    %jmp T_12.101;
T_12.91 ;
    %movi 8, 2, 8;
    %set/v v0114AE78_0, 8, 8;
    %jmp T_12.101;
T_12.92 ;
    %movi 8, 4, 8;
    %set/v v0114AE78_0, 8, 8;
    %jmp T_12.101;
T_12.93 ;
    %movi 8, 8, 8;
    %set/v v0114AE78_0, 8, 8;
    %jmp T_12.101;
T_12.94 ;
    %movi 8, 16, 8;
    %set/v v0114AE78_0, 8, 8;
    %jmp T_12.101;
T_12.95 ;
    %movi 8, 32, 8;
    %set/v v0114AE78_0, 8, 8;
    %jmp T_12.101;
T_12.96 ;
    %movi 8, 64, 8;
    %set/v v0114AE78_0, 8, 8;
    %jmp T_12.101;
T_12.97 ;
    %movi 8, 128, 8;
    %set/v v0114AE78_0, 8, 8;
    %jmp T_12.101;
T_12.98 ;
    %movi 8, 27, 8;
    %set/v v0114AE78_0, 8, 8;
    %jmp T_12.101;
T_12.99 ;
    %movi 8, 54, 8;
    %set/v v0114AE78_0, 8, 8;
    %jmp T_12.101;
T_12.101 ;
    %mov 8, 0, 8;
    %mov 16, 0, 8;
    %mov 24, 0, 8;
    %load/v 32, v0114AE78_0, 8;
    %set/v v0114AE20_0, 8, 32;
    %end;
S_01115228 .scope function, "Rotate" "Rotate" 3 351, 3 351, S_011140A0;
 .timescale -9 -12;
v01146B98_0 .var "Rotate", 31 0;
v01146BF0_0 .var "w", 31 0;
TD_DMEM_TB.u_DMEM.Rotate ;
    %ix/load 1, 24, 0;
    %mov 4, 0, 1;
    %jmp/1 T_13.102, 4;
    %load/x1p 40, v01146BF0_0, 8;
    %jmp T_13.103;
T_13.102 ;
    %mov 40, 2, 8;
T_13.103 ;
    %mov 8, 40, 8; Move signal select into place
    %load/v 16, v01146BF0_0, 24; Select 24 out of 32 bits
    %set/v v01146B98_0, 8, 32;
    %end;
S_011156F0 .scope function, "ShiftRows" "ShiftRows" 3 98, 3 98, S_011140A0;
 .timescale -9 -12;
v012731D8_0 .var "ShiftRows", 127 0;
v01273230 .array "bytes", 0 15, 7 0;
v01146AE8_0 .var "data", 127 0;
v01146B40_0 .var/i "i", 31 0;
TD_DMEM_TB.u_DMEM.ShiftRows ;
    %set/v v01146B40_0, 0, 32;
T_14.104 ;
    %load/v 8, v01146B40_0, 32;
   %cmpi/s 8, 16, 32;
    %jmp/0xz T_14.105, 5;
    %ix/load 0, 1, 0;
    %load/vp0/s 46, v01146B40_0, 37;
    %muli 46, 8, 37;
    %subi 46, 1, 37;
    %mov 8, 46, 37;
    %mov 45, 44, 1;
    %subi 8, 7, 38;
    %ix/get/s 1, 8, 38;
    %jmp/1 T_14.106, 4;
    %load/x1p 8, v01146AE8_0, 8;
    %jmp T_14.107;
T_14.106 ;
    %mov 8, 2, 8;
T_14.107 ;
; Save base=8 wid=8 in lookaside.
    %ix/getv/s 3, v01146B40_0;
   %jmp/1 t_6, 4;
   %ix/load 1, 0, 0;
   %set/av v01273230, 8, 8;
t_6 ;
    %ix/load 0, 1, 0;
    %load/vp0/s 8, v01146B40_0, 32;
    %set/v v01146B40_0, 8, 32;
    %jmp T_14.104;
T_14.105 ;
    %ix/load 3, 4, 0;
    %mov 4, 0, 1;
    %load/av 8, v01273230, 8;
    %ix/load 3, 9, 0;
    %mov 4, 0, 1;
    %load/av 16, v01273230, 8;
    %ix/load 3, 14, 0;
    %mov 4, 0, 1;
    %load/av 24, v01273230, 8;
    %ix/load 3, 3, 0;
    %mov 4, 0, 1;
    %load/av 32, v01273230, 8;
    %ix/load 3, 8, 0;
    %mov 4, 0, 1;
    %load/av 40, v01273230, 8;
    %ix/load 3, 13, 0;
    %mov 4, 0, 1;
    %load/av 48, v01273230, 8;
    %ix/load 3, 2, 0;
    %mov 4, 0, 1;
    %load/av 56, v01273230, 8;
    %ix/load 3, 7, 0;
    %mov 4, 0, 1;
    %load/av 64, v01273230, 8;
    %ix/load 3, 12, 0;
    %mov 4, 0, 1;
    %load/av 72, v01273230, 8;
    %ix/load 3, 1, 0;
    %mov 4, 0, 1;
    %load/av 80, v01273230, 8;
    %ix/load 3, 6, 0;
    %mov 4, 0, 1;
    %load/av 88, v01273230, 8;
    %ix/load 3, 11, 0;
    %mov 4, 0, 1;
    %load/av 96, v01273230, 8;
    %ix/load 3, 0, 0;
    %mov 4, 0, 1;
    %load/av 104, v01273230, 8;
    %ix/load 3, 5, 0;
    %mov 4, 0, 1;
    %load/av 112, v01273230, 8;
    %ix/load 3, 10, 0;
    %mov 4, 0, 1;
    %load/av 120, v01273230, 8;
    %ix/load 3, 15, 0;
    %mov 4, 0, 1;
    %load/av 128, v01273230, 8;
    %set/v v012731D8_0, 8, 128;
    %end;
S_011152B0 .scope function, "SubByte" "SubByte" 3 88, 3 88, S_011140A0;
 .timescale -9 -12;
v01142310_0 .var "SubByte", 127 0;
v01142368_0 .var "data", 127 0;
v01273180_0 .var/i "i", 31 0;
TD_DMEM_TB.u_DMEM.SubByte ;
    %set/v v01273180_0, 0, 32;
T_15.108 ;
    %load/v 8, v01273180_0, 32;
   %cmpi/s 8, 16, 32;
    %jmp/0xz T_15.109, 5;
    %ix/load 0, 1, 0;
    %load/vp0/s 54, v01273180_0, 37;
    %muli 54, 8, 37;
    %subi 54, 1, 37;
    %mov 16, 54, 37;
    %mov 53, 52, 1;
    %subi 16, 7, 38;
    %ix/get/s 1, 16, 38;
    %jmp/1 T_15.110, 4;
    %load/x1p 16, v01142368_0, 8;
    %jmp T_15.111;
T_15.110 ;
    %mov 16, 2, 8;
T_15.111 ;
; Save base=16 wid=8 in lookaside.
    %ix/get 3, 16, 8;
    %load/av 8, v0117D1C0, 8;
    %ix/load 0, 1, 0;
    %load/vp0/s 54, v01273180_0, 37;
    %muli 54, 8, 37;
    %subi 54, 1, 37;
    %mov 16, 54, 37;
    %mov 53, 52, 1;
    %subi 16, 7, 38;
    %ix/get/s 0, 16, 38;
    %jmp/1 t_7, 4;
    %set/x0 v01142310_0, 8, 8;
t_7 ;
    %ix/load 0, 1, 0;
    %load/vp0/s 8, v01273180_0, 32;
    %set/v v01273180_0, 8, 32;
    %jmp T_15.108;
T_15.109 ;
    %end;
S_01114BC8 .scope function, "SubWord" "SubWord" 3 358, 3 358, S_011140A0;
 .timescale -9 -12;
v011468C8_0 .var "SubWord", 31 0;
v011422B8_0 .var "w", 31 0;
TD_DMEM_TB.u_DMEM.SubWord ;
    %load/v 40, v011422B8_0, 8; Only need 8 of 32 bits
; Save base=40 wid=8 in lookaside.
    %ix/get 3, 40, 8;
    %load/av 8, v0117D1C0, 8;
    %ix/load 1, 8, 0;
    %mov 4, 0, 1;
    %jmp/1 T_16.112, 4;
    %load/x1p 40, v011422B8_0, 8;
    %jmp T_16.113;
T_16.112 ;
    %mov 40, 2, 8;
T_16.113 ;
; Save base=40 wid=8 in lookaside.
    %ix/get 3, 40, 8;
    %load/av 16, v0117D1C0, 8;
    %ix/load 1, 16, 0;
    %mov 4, 0, 1;
    %jmp/1 T_16.114, 4;
    %load/x1p 40, v011422B8_0, 8;
    %jmp T_16.115;
T_16.114 ;
    %mov 40, 2, 8;
T_16.115 ;
; Save base=40 wid=8 in lookaside.
    %ix/get 3, 40, 8;
    %load/av 24, v0117D1C0, 8;
    %ix/load 1, 24, 0;
    %mov 4, 0, 1;
    %jmp/1 T_16.116, 4;
    %load/x1p 40, v011422B8_0, 8;
    %jmp T_16.117;
T_16.116 ;
    %mov 40, 2, 8;
T_16.117 ;
; Save base=40 wid=8 in lookaside.
    %ix/get 3, 40, 8;
    %load/av 32, v0117D1C0, 8;
    %set/v v011468C8_0, 8, 32;
    %end;
    .scope S_011140A0;
T_17 ;
    %vpi_call 3 25 "$readmemh", "SBoxROM.mem", v0117D1C0;
    %vpi_call 3 26 "$readmemh", "InvSBoxROM.mem", v0117D428;
    %load/v 8, v0117D2C8_0, 128;
    %set/v v0117C6C0_0, 8, 128;
    %fork TD_DMEM_TB.u_DMEM.GenerateKeys, S_01115448;
    %join;
    %load/v  8, v0117C9D8_0, 1408;
    %set/v v0117D218_0, 8, 1408;
    %set/v v0117CFB0_0, 0, 32;
T_17.0 ;
    %load/v 8, v0117CFB0_0, 32;
   %cmpi/s 8, 11, 32;
    %jmp/0xz T_17.1, 5;
    %ix/load 0, 1, 0;
    %load/vp0/s 50, v0117CFB0_0, 41;
    %muli 50, 128, 41;
    %subi 50, 1, 41;
    %mov 8, 50, 41;
    %mov 49, 48, 1;
    %subi 8, 127, 42;
    %ix/get/s 1, 8, 42;
    %jmp/1 T_17.2, 4;
    %load/x1p 8, v0117D218_0, 128;
    %jmp T_17.3;
T_17.2 ;
    %mov 8, 2, 128;
T_17.3 ;
; Save base=8 wid=128 in lookaside.
    %movi 136, 10, 32;
    %load/v 168, v0117CFB0_0, 32;
    %sub 136, 168, 32;
    %ix/get/s 3, 136, 32;
   %jmp/1 t_8, 4;
   %ix/load 1, 0, 0;
   %set/av v0117D320, 8, 128;
t_8 ;
    %ix/load 0, 1, 0;
    %load/vp0/s 8, v0117CFB0_0, 32;
    %set/v v0117CFB0_0, 8, 32;
    %jmp T_17.0;
T_17.1 ;
    %set/v v0117D3D0_0, 0, 1;
    %set/v v0117D110_0, 0, 1;
    %set/v v0117D060_0, 0, 1;
    %end;
    .thread T_17;
    .scope S_011140A0;
T_18 ;
    %wait E_0111A0A8;
    %load/v 8, v0117E8C8_0, 1;
    %load/v 9, v0117D110_0, 1;
    %inv 9, 1;
    %and 8, 9, 1;
    %jmp/0xz  T_18.0, 8;
    %ix/load 0, 1, 0;
    %assign/v0 v0117D110_0, 0, 1;
    %load/v 8, v0117D0B8_0, 128;
    %ix/load 3, 0, 0;
    %mov 4, 0, 1;
    %load/av 136, v0117D320, 128;
    %xor 8, 136, 128;
    %ix/load 0, 128, 0;
    %assign/v0 v0117D378_0, 0, 8;
    %movi 8, 1, 4;
    %ix/load 0, 4, 0;
    %assign/v0 v0117D008_0, 0, 8;
    %jmp T_18.1;
T_18.0 ;
    %load/v 8, v0117D110_0, 1;
    %jmp/0xz  T_18.2, 8;
    %load/v 8, v0117D008_0, 4;
    %mov 12, 0, 2;
   %cmpi/u 8, 10, 6;
    %jmp/0xz  T_18.4, 5;
    %load/v 8, v0117D378_0, 128;
    %set/v v01142368_0, 8, 128;
    %fork TD_DMEM_TB.u_DMEM.SubByte, S_011152B0;
    %join;
    %load/v  8, v01142310_0, 128;
    %set/v v01146AE8_0, 8, 128;
    %fork TD_DMEM_TB.u_DMEM.ShiftRows, S_011156F0;
    %join;
    %load/v  8, v012731D8_0, 128;
    %set/v v0117C380_0, 8, 128;
    %fork TD_DMEM_TB.u_DMEM.MixColumns, S_011153C0;
    %join;
    %load/v  8, v0117BCA0_0, 128;
    %ix/getv 3, v0117D008_0;
    %load/av 136, v0117D320, 128;
    %xor 8, 136, 128;
    %ix/load 0, 128, 0;
    %assign/v0 v0117D378_0, 0, 8;
    %load/v 8, v0117D008_0, 4;
    %mov 12, 0, 28;
    %addi 8, 1, 32;
    %ix/load 0, 4, 0;
    %assign/v0 v0117D008_0, 0, 8;
    %jmp T_18.5;
T_18.4 ;
    %load/v 8, v0117D378_0, 128;
    %set/v v01142368_0, 8, 128;
    %fork TD_DMEM_TB.u_DMEM.SubByte, S_011152B0;
    %join;
    %load/v  8, v01142310_0, 128;
    %set/v v01146AE8_0, 8, 128;
    %fork TD_DMEM_TB.u_DMEM.ShiftRows, S_011156F0;
    %join;
    %load/v  8, v012731D8_0, 128;
    %ix/getv 3, v0117D008_0;
    %load/av 136, v0117D320, 128;
    %xor 8, 136, 128;
    %vpi_call 3 53 "$display", "cipher text = %h", T<8,128,u>;
    %ix/load 0, 1, 0;
    %assign/v0 v0117D110_0, 0, 0;
T_18.5 ;
    %jmp T_18.3;
T_18.2 ;
    %load/v 8, v0117D168_0, 1;
    %load/v 9, v0117D060_0, 1;
    %inv 9, 1;
    %and 8, 9, 1;
    %jmp/0xz  T_18.6, 8;
    %ix/load 0, 1, 0;
    %assign/v0 v0117D060_0, 0, 1;
    %load/v 8, v0117D0B8_0, 128;
    %ix/load 3, 10, 0;
    %mov 4, 0, 1;
    %load/av 136, v0117D320, 128;
    %xor 8, 136, 128;
    %set/v v0117CBE8_0, 8, 128;
    %fork TD_DMEM_TB.u_DMEM.InvShiftRows, S_01115778;
    %join;
    %load/v  8, v0117C508_0, 128;
    %set/v v0117CEA8_0, 8, 128;
    %fork TD_DMEM_TB.u_DMEM.InvSubByte, S_01115090;
    %join;
    %load/v  8, v0117CB90_0, 128;
    %ix/load 0, 128, 0;
    %assign/v0 v0117D378_0, 0, 8;
    %movi 8, 9, 4;
    %ix/load 0, 4, 0;
    %assign/v0 v0117D008_0, 0, 8;
    %ix/load 0, 1, 0;
    %assign/v0 v0117D3D0_0, 0, 0;
    %jmp T_18.7;
T_18.6 ;
    %load/v 8, v0117D060_0, 1;
    %jmp/0xz  T_18.8, 8;
    %load/v 8, v0117D008_0, 4;
    %mov 12, 0, 1;
    %cmp/u 0, 8, 5;
    %jmp/0xz  T_18.10, 5;
    %load/v 8, v0117D378_0, 128;
    %ix/getv 3, v0117D008_0;
    %load/av 136, v0117D320, 128;
    %xor 8, 136, 128;
    %set/v v0117C8D0_0, 8, 128;
    %fork TD_DMEM_TB.u_DMEM.InvMixColumns, S_01114CD8;
    %join;
    %load/v  8, v0117C878_0, 128;
    %set/v v0117CBE8_0, 8, 128;
    %fork TD_DMEM_TB.u_DMEM.InvShiftRows, S_01115778;
    %join;
    %load/v  8, v0117C508_0, 128;
    %set/v v0117CEA8_0, 8, 128;
    %fork TD_DMEM_TB.u_DMEM.InvSubByte, S_01115090;
    %join;
    %load/v  8, v0117CB90_0, 128;
    %ix/load 0, 128, 0;
    %assign/v0 v0117D378_0, 0, 8;
    %load/v 8, v0117D008_0, 4;
    %mov 12, 0, 28;
    %subi 8, 1, 32;
    %ix/load 0, 4, 0;
    %assign/v0 v0117D008_0, 0, 8;
    %jmp T_18.11;
T_18.10 ;
    %load/v 8, v0117D378_0, 128;
    %ix/getv 3, v0117D008_0;
    %load/av 136, v0117D320, 128;
    %xor 8, 136, 128;
    %ix/load 0, 128, 0;
    %assign/v0 v0117D270_0, 0, 8;
    %ix/load 0, 1, 0;
    %assign/v0 v0117D3D0_0, 0, 1;
T_18.11 ;
T_18.8 ;
T_18.7 ;
T_18.3 ;
T_18.1 ;
    %jmp T_18;
    .thread T_18;
    .scope S_01113DF8;
T_19 ;
    %set/v v0117EBE0_0, 0, 1;
    %end;
    .thread T_19;
    .scope S_01113DF8;
T_20 ;
    %set/v v0117E7C0_0, 0, 1;
    %end;
    .thread T_20;
    .scope S_01113DF8;
T_21 ;
    %set/v v0117E818_0, 0, 1;
    %end;
    .thread T_21;
    .scope S_01113DF8;
T_22 ;
T_22.0 ;
    %delay 25000, 0;
    %load/v 8, v0117EBE0_0, 1;
    %inv 8, 1;
    %set/v v0117EBE0_0, 8, 1;
    %jmp T_22.0;
    %end;
    .thread T_22;
    .scope S_01113DF8;
T_23 ;
    %set/v v0117E7C0_0, 1, 1;
    %wait E_01119DC8;
    %vpi_call 2 42 "$display", "plain text = %h", v0117EA80_0;
    %vpi_call 2 44 "$finish";
    %end;
    .thread T_23;
# The file index is used to find the file name in the following table.
:file_names 4;
    "N/A";
    "<interactive>";
    "DMEM_TB.v";
    "./DMEM.v";
